This file contains any messages produced by compilers while
running configure, to aid debugging if configure makes a mistake.

It was created by MP4v2 configure 2.0.0, which was
generated by GNU Autoconf 2.69.  Invocation command line was

  $ ./configure --host=x86_64-w64-mingw32 --target=x86_64-w64-mingw32 --with-pic --with-gnu-ld --enable-mingw-threads --enable-shared --disable-gch --disable-debug --disable-fast-install CXXFLAGS=-O2 -fpermissive -std=c++03 LDFLAGS=-static-libgcc -static-libstdc++

## --------- ##
## Platform. ##
## --------- ##

hostname = DM-ECSPG-081
uname -m = x86_64
uname -r = 3.0.7-338.x86_64
uname -s = MINGW64_NT-6.1-7601
uname -v = 2019-07-11 10:58 UTC

/usr/bin/uname -p = unknown
/bin/uname -X     = unknown

/bin/arch              = x86_64
/usr/bin/arch -k       = unknown
/usr/convex/getsysinfo = unknown
/usr/bin/hostinfo      = unknown
/bin/machine           = unknown
/usr/bin/oslevel       = unknown
/bin/universe          = unknown

PATH: /mingw64/bin
PATH: /usr/local/bin
PATH: /usr/bin
PATH: /bin
PATH: /c/Windows/System32
PATH: /c/Windows
PATH: /c/Windows/System32/Wbem
PATH: /c/Windows/System32/WindowsPowerShell/v1.0/
PATH: /usr/bin/site_perl
PATH: /usr/bin/vendor_perl
PATH: /usr/bin/core_perl


## ----------- ##
## Core tests. ##
## ----------- ##

configure:2216: loading site script /mingw64/etc/config.site
| # This file is in public domain.
| # Original author: Karlson2k (Evgeny Grin)
| # Written for MSys2/MinGW64 to help running 'configure' scripts
| 
| # Defaults for MinGW64-targeted programs
| 
| # Set proper selfname on bash and fallback to default name on other shells
| test -n "${BASH_SOURCE}" 2>/dev/null && config_site_me="${BASH_SOURCE[0]##*/}" || config_site_me=config.site
| 
| # Set default 'host' to speedup configure
| if test -z "$build_alias"; then
|   build_alias="${MSYSTEM_CHOST-x86_64-w64-mingw32}" && \
|     ${as_echo-echo} "$config_site_me:${as_lineno-$LINENO}: default build_alias set to $build_alias" >&5
| fi
| 
| # Set default 'prefix' to "/mingw64"
| if ( test -z "$prefix" || test "x$prefix" = "xNONE" ) && \
|    ( test -z "$exec_prefix" || test "x$exec_prefix" = "xNONE" ); then
|   prefix="${MSYSTEM_PREFIX-/mingw64}" && \
|     ${as_echo-echo} "$config_site_me:${as_lineno-$LINENO}: default prefix set to $prefix" >&5
| fi
config.site:13: default build_alias set to x86_64-w64-mingw32
config.site:20: default prefix set to /mingw64
configure:2316:
  -->
  --> Configuring MP4v2 2.0.0
  -->
configure:2367: checking for a BSD-compatible install
configure:2435: result: /usr/bin/install -c
configure:2446: checking whether build environment is sane
configure:2496: result: yes
configure:2545: checking for x86_64-w64-mingw32-strip
configure:2575: result: no
configure:2585: checking for strip
configure:2601: found /mingw64/bin/strip
configure:2612: result: strip
configure:2637: checking for a thread-safe mkdir -p
configure:2676: result: /usr/bin/mkdir -p
configure:2689: checking for gawk
configure:2705: found /usr/bin/gawk
configure:2716: result: gawk
configure:2727: checking whether make sets $(MAKE)
configure:2749: result: yes
configure:2841: checking build system type
configure:2855: result: x86_64-w64-mingw32
configure:2875: checking host system type
configure:2888: result: x86_64-w64-mingw32
configure:2986: checking for x86_64-w64-mingw32-g++
configure:3002: found /mingw64/bin/x86_64-w64-mingw32-g++
configure:3013: result: x86_64-w64-mingw32-g++
configure:3084: checking for C++ compiler version
configure:3093: x86_64-w64-mingw32-g++ --version >&5
x86_64-w64-mingw32-g++.exe (Rev3, Built by MSYS2 project) 9.1.0
Copyright (C) 2019 Free Software Foundation, Inc.
This is free software; see the source for copying conditions.  There is NO
warranty; not even for MERCHANTABILITY or FITNESS FOR A PARTICULAR PURPOSE.

configure:3104: $? = 0
configure:3093: x86_64-w64-mingw32-g++ -v >&5
Using built-in specs.
COLLECT_GCC=C:\msys64\mingw64\bin\x86_64-w64-mingw32-g++.exe
COLLECT_LTO_WRAPPER=C:/msys64/mingw64/bin/../lib/gcc/x86_64-w64-mingw32/9.1.0/lto-wrapper.exe
Target: x86_64-w64-mingw32
Configured with: ../gcc-9.1.0/configure --prefix=/mingw64 --with-local-prefix=/mingw64/local --build=x86_64-w64-mingw32 --host=x86_64-w64-mingw32 --target=x86_64-w64-mingw32 --with-native-system-header-dir=/mingw64/x86_64-w64-mingw32/include --libexecdir=/mingw64/lib --enable-bootstrap --with-arch=x86-64 --with-tune=generic --enable-languages=c,lto,c++,fortran,ada,objc,obj-c++ --enable-shared --enable-static --enable-libatomic --enable-threads=posix --enable-graphite --enable-fully-dynamic-string --enable-libstdcxx-filesystem-ts=yes --enable-libstdcxx-time=yes --disable-libstdcxx-pch --disable-libstdcxx-debug --disable-isl-version-check --enable-lto --enable-libgomp --disable-multilib --enable-checking=release --disable-rpath --disable-win32-registry --disable-nls --disable-werror --disable-symvers --enable-plugin --with-libiconv --with-system-zlib --with-gmp=/mingw64 --with-mpfr=/mingw64 --with-mpc=/mingw64 --with-isl=/mingw64 --with-pkgversion='Rev3, Built by MSYS2 project' --with-bugurl=https://sourceforge.net/projects/msys2 --with-gnu-as --with-gnu-ld
Thread model: posix
gcc version 9.1.0 (Rev3, Built by MSYS2 project) 
configure:3104: $? = 0
configure:3093: x86_64-w64-mingw32-g++ -V >&5
x86_64-w64-mingw32-g++.exe: error: unrecognized command line option '-V'
x86_64-w64-mingw32-g++.exe: fatal error: no input files
compilation terminated.
configure:3104: $? = 1
configure:3093: x86_64-w64-mingw32-g++ -qversion >&5
x86_64-w64-mingw32-g++.exe: error: unrecognized command line option '-qversion'; did you mean '--version'?
x86_64-w64-mingw32-g++.exe: fatal error: no input files
compilation terminated.
configure:3104: $? = 1
configure:3124: checking whether the C++ compiler works
configure:3146: x86_64-w64-mingw32-g++ -O2 -fpermissive -std=c++03  -static-libgcc -static-libstdc++ conftest.cpp  >&5
configure:3150: $? = 0
configure:3198: result: yes
configure:3201: checking for C++ compiler default output file name
configure:3203: result: a.exe
configure:3209: checking for suffix of executables
configure:3216: x86_64-w64-mingw32-g++ -o conftest.exe -O2 -fpermissive -std=c++03  -static-libgcc -static-libstdc++ conftest.cpp  >&5
configure:3220: $? = 0
configure:3242: result: .exe
configure:3264: checking whether we are cross compiling
configure:3272: x86_64-w64-mingw32-g++ -o conftest.exe -O2 -fpermissive -std=c++03  -static-libgcc -static-libstdc++ conftest.cpp  >&5
configure:3276: $? = 0
configure:3283: ./conftest.exe
configure:3287: $? = 0
configure:3302: result: no
configure:3307: checking for suffix of object files
configure:3329: x86_64-w64-mingw32-g++ -c -O2 -fpermissive -std=c++03  conftest.cpp >&5
configure:3333: $? = 0
configure:3354: result: o
configure:3358: checking whether we are using the GNU C++ compiler
configure:3377: x86_64-w64-mingw32-g++ -c -O2 -fpermissive -std=c++03  conftest.cpp >&5
configure:3377: $? = 0
configure:3386: result: yes
configure:3395: checking whether x86_64-w64-mingw32-g++ accepts -g
configure:3415: x86_64-w64-mingw32-g++ -c -g  conftest.cpp >&5
configure:3415: $? = 0
configure:3456: result: yes
configure:3490: checking for style of include used by make
configure:3518: result: GNU
configure:3544: checking dependency style of x86_64-w64-mingw32-g++
configure:3655: result: none
configure:3677: checking for x86_64-w64-mingw32-as
configure:3707: result: no
configure:3717: checking for as
configure:3733: found /mingw64/bin/as
configure:3744: result: as
configure:3769: checking for x86_64-w64-mingw32-dlltool
configure:3799: result: no
configure:3809: checking for dlltool
configure:3825: found /mingw64/bin/dlltool
configure:3836: result: dlltool
configure:3861: checking for x86_64-w64-mingw32-objdump
configure:3891: result: no
configure:3901: checking for objdump
configure:3917: found /mingw64/bin/objdump
configure:3928: result: objdump
configure:4020: checking how to print strings
configure:4047: result: printf
configure:4076: checking for x86_64-w64-mingw32-gcc
configure:4092: found /mingw64/bin/x86_64-w64-mingw32-gcc
configure:4103: result: x86_64-w64-mingw32-gcc
configure:4372: checking for C compiler version
configure:4381: x86_64-w64-mingw32-gcc --version >&5
x86_64-w64-mingw32-gcc.exe (Rev3, Built by MSYS2 project) 9.1.0
Copyright (C) 2019 Free Software Foundation, Inc.
This is free software; see the source for copying conditions.  There is NO
warranty; not even for MERCHANTABILITY or FITNESS FOR A PARTICULAR PURPOSE.

configure:4392: $? = 0
configure:4381: x86_64-w64-mingw32-gcc -v >&5
Using built-in specs.
COLLECT_GCC=C:\msys64\mingw64\bin\x86_64-w64-mingw32-gcc.exe
COLLECT_LTO_WRAPPER=C:/msys64/mingw64/bin/../lib/gcc/x86_64-w64-mingw32/9.1.0/lto-wrapper.exe
Target: x86_64-w64-mingw32
Configured with: ../gcc-9.1.0/configure --prefix=/mingw64 --with-local-prefix=/mingw64/local --build=x86_64-w64-mingw32 --host=x86_64-w64-mingw32 --target=x86_64-w64-mingw32 --with-native-system-header-dir=/mingw64/x86_64-w64-mingw32/include --libexecdir=/mingw64/lib --enable-bootstrap --with-arch=x86-64 --with-tune=generic --enable-languages=c,lto,c++,fortran,ada,objc,obj-c++ --enable-shared --enable-static --enable-libatomic --enable-threads=posix --enable-graphite --enable-fully-dynamic-string --enable-libstdcxx-filesystem-ts=yes --enable-libstdcxx-time=yes --disable-libstdcxx-pch --disable-libstdcxx-debug --disable-isl-version-check --enable-lto --enable-libgomp --disable-multilib --enable-checking=release --disable-rpath --disable-win32-registry --disable-nls --disable-werror --disable-symvers --enable-plugin --with-libiconv --with-system-zlib --with-gmp=/mingw64 --with-mpfr=/mingw64 --with-mpc=/mingw64 --with-isl=/mingw64 --with-pkgversion='Rev3, Built by MSYS2 project' --with-bugurl=https://sourceforge.net/projects/msys2 --with-gnu-as --with-gnu-ld
Thread model: posix
gcc version 9.1.0 (Rev3, Built by MSYS2 project) 
configure:4392: $? = 0
configure:4381: x86_64-w64-mingw32-gcc -V >&5
x86_64-w64-mingw32-gcc.exe: error: unrecognized command line option '-V'
x86_64-w64-mingw32-gcc.exe: fatal error: no input files
compilation terminated.
configure:4392: $? = 1
configure:4381: x86_64-w64-mingw32-gcc -qversion >&5
x86_64-w64-mingw32-gcc.exe: error: unrecognized command line option '-qversion'; did you mean '--version'?
x86_64-w64-mingw32-gcc.exe: fatal error: no input files
compilation terminated.
configure:4392: $? = 1
configure:4396: checking whether we are using the GNU C compiler
configure:4415: x86_64-w64-mingw32-gcc -c   conftest.c >&5
configure:4415: $? = 0
configure:4424: result: yes
configure:4433: checking whether x86_64-w64-mingw32-gcc accepts -g
configure:4453: x86_64-w64-mingw32-gcc -c -g  conftest.c >&5
configure:4453: $? = 0
configure:4494: result: yes
configure:4511: checking for x86_64-w64-mingw32-gcc option to accept ISO C89
configure:4574: x86_64-w64-mingw32-gcc  -c -g -O2  conftest.c >&5
configure:4574: $? = 0
configure:4587: result: none needed
configure:4609: checking dependency style of x86_64-w64-mingw32-gcc
configure:4720: result: none
configure:4735: checking for a sed that does not truncate output
configure:4799: result: /usr/bin/sed
configure:4817: checking for grep that handles long lines and -e
configure:4875: result: /usr/bin/grep
configure:4880: checking for egrep
configure:4942: result: /usr/bin/grep -E
configure:4947: checking for fgrep
configure:5009: result: /usr/bin/grep -F
configure:5044: checking for ld used by x86_64-w64-mingw32-gcc
configure:5111: result: C:/msys64/mingw64/x86_64-w64-mingw32/bin/ld.exe
configure:5118: checking if the linker (C:/msys64/mingw64/x86_64-w64-mingw32/bin/ld.exe) is GNU ld
configure:5133: result: yes
configure:5145: checking for BSD- or MS-compatible name lister (nm)
configure:5199: result: /mingw64/bin/nm -B
configure:5329: checking the name lister (/mingw64/bin/nm -B) interface
configure:5336: x86_64-w64-mingw32-gcc -c -g -O2  conftest.c >&5
configure:5339: /mingw64/bin/nm -B "conftest.o"
configure:5342: output
0000000000000000 b .bss
0000000000000000 d .data
0000000000000000 N .debug_abbrev
0000000000000000 N .debug_aranges
0000000000000000 N .debug_info
0000000000000000 N .debug_line
0000000000000000 r .rdata$zzz
0000000000000000 t .text
0000000000000000 B some_variable
configure:5349: result: BSD nm
configure:5352: checking whether ln -s works
configure:5359: result: no, using cp -pR
configure:5364: checking the maximum length of command line arguments
configure:5495: result: 8192
configure:5543: checking how to convert x86_64-w64-mingw32 file names to x86_64-w64-mingw32 format
configure:5583: result: func_convert_file_msys_to_w32
configure:5590: checking how to convert x86_64-w64-mingw32 file names to toolchain format
configure:5610: result: func_convert_file_msys_to_w32
configure:5617: checking for C:/msys64/mingw64/x86_64-w64-mingw32/bin/ld.exe option to reload object files
configure:5624: result: -r
configure:5658: checking for x86_64-w64-mingw32-objdump
configure:5685: result: objdump
configure:5754: checking how to recognize dependent libraries
configure:5954: result: file_magic ^x86 archive import|^x86 DLL
configure:5999: checking for x86_64-w64-mingw32-dlltool
configure:6026: result: dlltool
configure:6096: checking how to associate runtime and link libraries
configure:6123: result: func_cygming_dll_for_implib
configure:6140: checking for x86_64-w64-mingw32-ar
configure:6170: result: no
configure:6184: checking for ar
configure:6200: found /mingw64/bin/ar
configure:6211: result: ar
configure:6248: checking for archiver @FILE support
configure:6265: x86_64-w64-mingw32-gcc -c -g -O2  conftest.c >&5
configure:6265: $? = 0
configure:6268: ar cru libconftest.a @conftest.lst >&5
configure:6271: $? = 0
configure:6276: ar cru libconftest.a @conftest.lst >&5
C:\msys64\mingw64\bin\ar.exe: conftest.o: No such file or directory
configure:6279: $? = 1
configure:6291: result: @
configure:6309: checking for x86_64-w64-mingw32-strip
configure:6336: result: strip
configure:6408: checking for x86_64-w64-mingw32-ranlib
configure:6438: result: no
configure:6448: checking for ranlib
configure:6464: found /mingw64/bin/ranlib
configure:6475: result: ranlib
configure:6577: checking command to parse /mingw64/bin/nm -B output from x86_64-w64-mingw32-gcc object
configure:6730: x86_64-w64-mingw32-gcc -c -g -O2  conftest.c >&5
configure:6733: $? = 0
configure:6737: /mingw64/bin/nm -B conftest.o \| sed -n -e 's/^.*[ ]\([ABCDGIRSTW][ABCDGIRSTW]*\)[ ][ ]*\([_A-Za-z][_A-Za-z0-9]*\)\{0,1\}$/\1 \2 \2/p' | sed '/ __gnu_lto/d' \> conftest.nm
configure:6740: $? = 0
configure:6806: x86_64-w64-mingw32-gcc -o conftest.exe -g -O2  -static-libgcc -static-libstdc++ conftest.c conftstm.o >&5
configure:6809: $? = 0
configure:6847: result: ok
configure:6894: checking for sysroot
configure:6924: result: no
configure:6931: checking for a working dd
configure:6969: result: /usr/bin/dd
configure:6973: checking how to truncate binary pipes
configure:6988: result: /usr/bin/dd bs=4096 count=1
configure:7277: checking for x86_64-w64-mingw32-mt
configure:7307: result: no
configure:7317: checking for mt
configure:7347: result: no
configure:7367: checking if : is a manifest tool
configure:7373: : '-?'
configure:7381: result: no
configure:8058: checking how to run the C preprocessor
configure:8089: x86_64-w64-mingw32-gcc -E  conftest.c
configure:8089: $? = 0
configure:8103: x86_64-w64-mingw32-gcc -E  conftest.c
conftest.c:11:10: fatal error: ac_nonexistent.h: No such file or directory
   11 | #include <ac_nonexistent.h>
      |          ^~~~~~~~~~~~~~~~~~
compilation terminated.
configure:8103: $? = 1
configure: failed program was:
| /* confdefs.h */
| #define PACKAGE_NAME "MP4v2"
| #define PACKAGE_TARNAME "mp4v2"
| #define PACKAGE_VERSION "2.0.0"
| #define PACKAGE_STRING "MP4v2 2.0.0"
| #define PACKAGE_BUGREPORT "kidjan@gmail.com"
| #define PACKAGE_URL ""
| #define PACKAGE "mp4v2"
| #define VERSION "2.0.0"
| /* end confdefs.h.  */
| #include <ac_nonexistent.h>
configure:8128: result: x86_64-w64-mingw32-gcc -E
configure:8148: x86_64-w64-mingw32-gcc -E  conftest.c
configure:8148: $? = 0
configure:8162: x86_64-w64-mingw32-gcc -E  conftest.c
conftest.c:11:10: fatal error: ac_nonexistent.h: No such file or directory
   11 | #include <ac_nonexistent.h>
      |          ^~~~~~~~~~~~~~~~~~
compilation terminated.
configure:8162: $? = 1
configure: failed program was:
| /* confdefs.h */
| #define PACKAGE_NAME "MP4v2"
| #define PACKAGE_TARNAME "mp4v2"
| #define PACKAGE_VERSION "2.0.0"
| #define PACKAGE_STRING "MP4v2 2.0.0"
| #define PACKAGE_BUGREPORT "kidjan@gmail.com"
| #define PACKAGE_URL ""
| #define PACKAGE "mp4v2"
| #define VERSION "2.0.0"
| /* end confdefs.h.  */
| #include <ac_nonexistent.h>
configure:8191: checking for ANSI C header files
configure:8211: x86_64-w64-mingw32-gcc -c -g -O2  conftest.c >&5
configure:8211: $? = 0
configure:8284: x86_64-w64-mingw32-gcc -o conftest.exe -g -O2  -static-libgcc -static-libstdc++ conftest.c  >&5
configure:8284: $? = 0
configure:8284: ./conftest.exe
configure:8284: $? = 0
configure:8295: result: yes
configure:8308: checking for sys/types.h
configure:8308: x86_64-w64-mingw32-gcc -c -g -O2  conftest.c >&5
configure:8308: $? = 0
configure:8308: result: yes
configure:8308: checking for sys/stat.h
configure:8308: x86_64-w64-mingw32-gcc -c -g -O2  conftest.c >&5
configure:8308: $? = 0
configure:8308: result: yes
configure:8308: checking for stdlib.h
configure:8308: x86_64-w64-mingw32-gcc -c -g -O2  conftest.c >&5
configure:8308: $? = 0
configure:8308: result: yes
configure:8308: checking for string.h
configure:8308: x86_64-w64-mingw32-gcc -c -g -O2  conftest.c >&5
configure:8308: $? = 0
configure:8308: result: yes
configure:8308: checking for memory.h
configure:8308: x86_64-w64-mingw32-gcc -c -g -O2  conftest.c >&5
configure:8308: $? = 0
configure:8308: result: yes
configure:8308: checking for strings.h
configure:8308: x86_64-w64-mingw32-gcc -c -g -O2  conftest.c >&5
configure:8308: $? = 0
configure:8308: result: yes
configure:8308: checking for inttypes.h
configure:8308: x86_64-w64-mingw32-gcc -c -g -O2  conftest.c >&5
configure:8308: $? = 0
configure:8308: result: yes
configure:8308: checking for stdint.h
configure:8308: x86_64-w64-mingw32-gcc -c -g -O2  conftest.c >&5
configure:8308: $? = 0
configure:8308: result: yes
configure:8308: checking for unistd.h
configure:8308: x86_64-w64-mingw32-gcc -c -g -O2  conftest.c >&5
configure:8308: $? = 0
configure:8308: result: yes
configure:8322: checking for dlfcn.h
configure:8322: x86_64-w64-mingw32-gcc -c -g -O2  conftest.c >&5
conftest.c:55:10: fatal error: dlfcn.h: No such file or directory
   55 | #include <dlfcn.h>
      |          ^~~~~~~~~
compilation terminated.
configure:8322: $? = 1
configure: failed program was:
| /* confdefs.h */
| #define PACKAGE_NAME "MP4v2"
| #define PACKAGE_TARNAME "mp4v2"
| #define PACKAGE_VERSION "2.0.0"
| #define PACKAGE_STRING "MP4v2 2.0.0"
| #define PACKAGE_BUGREPORT "kidjan@gmail.com"
| #define PACKAGE_URL ""
| #define PACKAGE "mp4v2"
| #define VERSION "2.0.0"
| #define STDC_HEADERS 1
| #define HAVE_SYS_TYPES_H 1
| #define HAVE_SYS_STAT_H 1
| #define HAVE_STDLIB_H 1
| #define HAVE_STRING_H 1
| #define HAVE_MEMORY_H 1
| #define HAVE_STRINGS_H 1
| #define HAVE_INTTYPES_H 1
| #define HAVE_STDINT_H 1
| #define HAVE_UNISTD_H 1
| /* end confdefs.h.  */
| #include <stdio.h>
| #ifdef HAVE_SYS_TYPES_H
| # include <sys/types.h>
| #endif
| #ifdef HAVE_SYS_STAT_H
| # include <sys/stat.h>
| #endif
| #ifdef STDC_HEADERS
| # include <stdlib.h>
| # include <stddef.h>
| #else
| # ifdef HAVE_STDLIB_H
| #  include <stdlib.h>
| # endif
| #endif
| #ifdef HAVE_STRING_H
| # if !defined STDC_HEADERS && defined HAVE_MEMORY_H
| #  include <memory.h>
| # endif
| # include <string.h>
| #endif
| #ifdef HAVE_STRINGS_H
| # include <strings.h>
| #endif
| #ifdef HAVE_INTTYPES_H
| # include <inttypes.h>
| #endif
| #ifdef HAVE_STDINT_H
| # include <stdint.h>
| #endif
| #ifdef HAVE_UNISTD_H
| # include <unistd.h>
| #endif
| 
| #include <dlfcn.h>
configure:8322: result: no
configure:8592: checking for objdir
configure:8607: result: .libs
configure:8867: checking if x86_64-w64-mingw32-gcc supports -fno-rtti -fno-exceptions
configure:8885: x86_64-w64-mingw32-gcc -c -g -O2  -fno-rtti -fno-exceptions conftest.c >&5
cc1.exe: warning: command line option '-fno-rtti' is valid for C++/D/ObjC++ but not for C
configure:8889: $? = 0
configure:8902: result: no
configure:9260: checking for x86_64-w64-mingw32-gcc option to produce PIC
configure:9267: result: -DDLL_EXPORT -DPIC
configure:9275: checking if x86_64-w64-mingw32-gcc PIC flag -DDLL_EXPORT -DPIC works
configure:9293: x86_64-w64-mingw32-gcc -c -g -O2  -DDLL_EXPORT -DPIC -DPIC conftest.c >&5
configure:9297: $? = 0
configure:9310: result: yes
configure:9339: checking if x86_64-w64-mingw32-gcc static flag -static works
configure:9367: result: yes
configure:9382: checking if x86_64-w64-mingw32-gcc supports -c -o file.o
configure:9403: x86_64-w64-mingw32-gcc -c -g -O2  -o out/conftest2.o conftest.c >&5
configure:9407: $? = 0
configure:9429: result: yes
configure:9437: checking if x86_64-w64-mingw32-gcc supports -c -o file.o
configure:9484: result: yes
configure:9517: checking whether the x86_64-w64-mingw32-gcc linker (C:/msys64/mingw64/x86_64-w64-mingw32/bin/ld.exe) supports shared libraries
configure:10777: result: yes
configure:10814: checking whether -lc should be explicitly linked in
configure:10822: x86_64-w64-mingw32-gcc -c -g -O2  conftest.c >&5
configure:10825: $? = 0
configure:10840: x86_64-w64-mingw32-gcc -shared conftest.o  -v -o ./conftest -Wl,--enable-auto-image-base -Xlinker --out-implib -Xlinker conftest 2\>\&1 \| /usr/bin/grep  -lc  \>/dev/null 2\>\&1
configure:10843: $? = 1
configure:10857: result: yes
configure:11017: checking dynamic linker characteristics
configure:11835: result: Win32 ld.exe
configure:11957: checking how to hardcode library paths into programs
configure:11982: result: immediate
configure:12530: checking whether stripping libraries is possible
configure:12535: result: yes
configure:12570: checking if libtool supports shared libraries
configure:12572: result: yes
configure:12575: checking whether to build shared libraries
configure:12600: result: yes
configure:12603: checking whether to build static libraries
configure:12607: result: yes
configure:12630: checking how to run the C++ preprocessor
configure:12657: x86_64-w64-mingw32-g++ -E  conftest.cpp
configure:12657: $? = 0
configure:12671: x86_64-w64-mingw32-g++ -E  conftest.cpp
conftest.cpp:22:10: fatal error: ac_nonexistent.h: No such file or directory
   22 | #include <ac_nonexistent.h>
      |          ^~~~~~~~~~~~~~~~~~
compilation terminated.
configure:12671: $? = 1
configure: failed program was:
| /* confdefs.h */
| #define PACKAGE_NAME "MP4v2"
| #define PACKAGE_TARNAME "mp4v2"
| #define PACKAGE_VERSION "2.0.0"
| #define PACKAGE_STRING "MP4v2 2.0.0"
| #define PACKAGE_BUGREPORT "kidjan@gmail.com"
| #define PACKAGE_URL ""
| #define PACKAGE "mp4v2"
| #define VERSION "2.0.0"
| #define STDC_HEADERS 1
| #define HAVE_SYS_TYPES_H 1
| #define HAVE_SYS_STAT_H 1
| #define HAVE_STDLIB_H 1
| #define HAVE_STRING_H 1
| #define HAVE_MEMORY_H 1
| #define HAVE_STRINGS_H 1
| #define HAVE_INTTYPES_H 1
| #define HAVE_STDINT_H 1
| #define HAVE_UNISTD_H 1
| #define LT_OBJDIR ".libs/"
| /* end confdefs.h.  */
| #include <ac_nonexistent.h>
configure:12696: result: x86_64-w64-mingw32-g++ -E
configure:12716: x86_64-w64-mingw32-g++ -E  conftest.cpp
configure:12716: $? = 0
configure:12730: x86_64-w64-mingw32-g++ -E  conftest.cpp
conftest.cpp:22:10: fatal error: ac_nonexistent.h: No such file or directory
   22 | #include <ac_nonexistent.h>
      |          ^~~~~~~~~~~~~~~~~~
compilation terminated.
configure:12730: $? = 1
configure: failed program was:
| /* confdefs.h */
| #define PACKAGE_NAME "MP4v2"
| #define PACKAGE_TARNAME "mp4v2"
| #define PACKAGE_VERSION "2.0.0"
| #define PACKAGE_STRING "MP4v2 2.0.0"
| #define PACKAGE_BUGREPORT "kidjan@gmail.com"
| #define PACKAGE_URL ""
| #define PACKAGE "mp4v2"
| #define VERSION "2.0.0"
| #define STDC_HEADERS 1
| #define HAVE_SYS_TYPES_H 1
| #define HAVE_SYS_STAT_H 1
| #define HAVE_STDLIB_H 1
| #define HAVE_STRING_H 1
| #define HAVE_MEMORY_H 1
| #define HAVE_STRINGS_H 1
| #define HAVE_INTTYPES_H 1
| #define HAVE_STDINT_H 1
| #define HAVE_UNISTD_H 1
| #define LT_OBJDIR ".libs/"
| /* end confdefs.h.  */
| #include <ac_nonexistent.h>
configure:12892: checking for ld used by x86_64-w64-mingw32-g++
configure:12959: result: C:/msys64/mingw64/x86_64-w64-mingw32/bin/ld.exe
configure:12966: checking if the linker (C:/msys64/mingw64/x86_64-w64-mingw32/bin/ld.exe) is GNU ld
configure:12981: result: yes
configure:13036: checking whether the x86_64-w64-mingw32-g++ linker (C:/msys64/mingw64/x86_64-w64-mingw32/bin/ld.exe) supports shared libraries
configure:14110: result: yes
configure:14146: x86_64-w64-mingw32-g++ -c -O2 -fpermissive -std=c++03  conftest.cpp >&5
configure:14149: $? = 0
configure:14630: checking for x86_64-w64-mingw32-g++ option to produce PIC
configure:14637: result: -DDLL_EXPORT -DPIC
configure:14645: checking if x86_64-w64-mingw32-g++ PIC flag -DDLL_EXPORT -DPIC works
configure:14663: x86_64-w64-mingw32-g++ -c -O2 -fpermissive -std=c++03  -DDLL_EXPORT -DPIC -DPIC conftest.cpp >&5
configure:14667: $? = 0
configure:14680: result: yes
configure:14703: checking if x86_64-w64-mingw32-g++ static flag -static works
configure:14731: result: yes
configure:14743: checking if x86_64-w64-mingw32-g++ supports -c -o file.o
configure:14764: x86_64-w64-mingw32-g++ -c -O2 -fpermissive -std=c++03  -o out/conftest2.o conftest.cpp >&5
configure:14768: $? = 0
configure:14790: result: yes
configure:14795: checking if x86_64-w64-mingw32-g++ supports -c -o file.o
configure:14842: result: yes
configure:14872: checking whether the x86_64-w64-mingw32-g++ linker (C:/msys64/mingw64/x86_64-w64-mingw32/bin/ld.exe) supports shared libraries
configure:14912: result: yes
configure:15053: checking dynamic linker characteristics
configure:15798: result: Win32 ld.exe
configure:15863: checking how to hardcode library paths into programs
configure:15888: result: immediate
configure:15952: checking for help2man
configure:15980: result: no
configure:15993: checking MP4v2 platform portability
configure:16015: result: win32
configure:16182: checking if GCC precompiled-headers should be created
configure:16216: result: no
configure:16285: checking arch flags
configure:16320: result: none
configure:16569: creating ./config.status

## ---------------------- ##
## Running config.status. ##
## ---------------------- ##

This file was extended by MP4v2 config.status 2.0.0, which was
generated by GNU Autoconf 2.69.  Invocation command line was

  CONFIG_FILES    = 
  CONFIG_HEADERS  = 
  CONFIG_LINKS    = 
  CONFIG_COMMANDS = 
  $ ./config.status 

on DM-ECSPG-081

config.status:1207: creating GNUmakefile
config.status:1207: creating include/mp4v2/project.h
config.status:1207: creating project/project.m4
config.status:1207: creating libplatform/config.h
config.status:1388: libplatform/config.h is unchanged
config.status:1436: executing depfiles commands
config.status:1436: executing libtool commands
configure:18982: WARNING: unrecognized options: --enable-mingw-threads

## ---------------- ##
## Cache variables. ##
## ---------------- ##

ac_cv_build=x86_64-w64-mingw32
ac_cv_c_compiler_gnu=yes
ac_cv_cxx_compiler_gnu=yes
ac_cv_env_CCC_set=
ac_cv_env_CCC_value=
ac_cv_env_CC_set=
ac_cv_env_CC_value=
ac_cv_env_CFLAGS_set=
ac_cv_env_CFLAGS_value=
ac_cv_env_CPPFLAGS_set=
ac_cv_env_CPPFLAGS_value=
ac_cv_env_CPP_set=
ac_cv_env_CPP_value=
ac_cv_env_CXXCPP_set=
ac_cv_env_CXXCPP_value=
ac_cv_env_CXXFLAGS_set=set
ac_cv_env_CXXFLAGS_value='-O2 -fpermissive -std=c++03'
ac_cv_env_CXX_set=
ac_cv_env_CXX_value=
ac_cv_env_LDFLAGS_set=set
ac_cv_env_LDFLAGS_value='-static-libgcc -static-libstdc++'
ac_cv_env_LIBS_set=
ac_cv_env_LIBS_value=
ac_cv_env_LT_SYS_LIBRARY_PATH_set=
ac_cv_env_LT_SYS_LIBRARY_PATH_value=
ac_cv_env_build_alias_set=
ac_cv_env_build_alias_value=
ac_cv_env_host_alias_set=set
ac_cv_env_host_alias_value=x86_64-w64-mingw32
ac_cv_env_target_alias_set=set
ac_cv_env_target_alias_value=x86_64-w64-mingw32
ac_cv_exeext=.exe
ac_cv_header_dlfcn_h=no
ac_cv_header_inttypes_h=yes
ac_cv_header_memory_h=yes
ac_cv_header_stdc=yes
ac_cv_header_stdint_h=yes
ac_cv_header_stdlib_h=yes
ac_cv_header_string_h=yes
ac_cv_header_strings_h=yes
ac_cv_header_sys_stat_h=yes
ac_cv_header_sys_types_h=yes
ac_cv_header_unistd_h=yes
ac_cv_host=x86_64-w64-mingw32
ac_cv_objext=o
ac_cv_path_EGREP='/usr/bin/grep -E'
ac_cv_path_FGREP='/usr/bin/grep -F'
ac_cv_path_GREP=/usr/bin/grep
ac_cv_path_SED=/usr/bin/sed
ac_cv_path_install='/usr/bin/install -c'
ac_cv_path_lt_DD=/usr/bin/dd
ac_cv_path_mkdir=/usr/bin/mkdir
ac_cv_prog_AWK=gawk
ac_cv_prog_CC=x86_64-w64-mingw32-gcc
ac_cv_prog_CPP='x86_64-w64-mingw32-gcc -E'
ac_cv_prog_CXX=x86_64-w64-mingw32-g++
ac_cv_prog_CXXCPP='x86_64-w64-mingw32-g++ -E'
ac_cv_prog_DLLTOOL=dlltool
ac_cv_prog_FOUND_HELP2MAN=no
ac_cv_prog_OBJDUMP=objdump
ac_cv_prog_STRIP=strip
ac_cv_prog_ac_ct_AR=ar
ac_cv_prog_ac_ct_AS=as
ac_cv_prog_ac_ct_DLLTOOL=dlltool
ac_cv_prog_ac_ct_OBJDUMP=objdump
ac_cv_prog_ac_ct_RANLIB=ranlib
ac_cv_prog_ac_ct_STRIP=strip
ac_cv_prog_cc_c89=
ac_cv_prog_cc_g=yes
ac_cv_prog_cxx_g=yes
ac_cv_prog_make_make_set=yes
am_cv_CC_dependencies_compiler_type=none
am_cv_CXX_dependencies_compiler_type=none
lt_cv_ar_at_file=@
lt_cv_archive_cmds_need_lc=yes
lt_cv_deplibs_check_method='file_magic ^x86 archive import|^x86 DLL'
lt_cv_file_magic_cmd=func_win32_libid
lt_cv_file_magic_test_file=
lt_cv_ld_reload_flag=-r
lt_cv_nm_interface='BSD nm'
lt_cv_objdir=.libs
lt_cv_path_LD=C:/msys64/mingw64/x86_64-w64-mingw32/bin/ld.exe
lt_cv_path_LDCXX=C:/msys64/mingw64/x86_64-w64-mingw32/bin/ld.exe
lt_cv_path_NM='/mingw64/bin/nm -B'
lt_cv_path_mainfest_tool=no
lt_cv_prog_compiler_c_o=yes
lt_cv_prog_compiler_c_o_CXX=yes
lt_cv_prog_compiler_pic='-DDLL_EXPORT -DPIC'
lt_cv_prog_compiler_pic_CXX='-DDLL_EXPORT -DPIC'
lt_cv_prog_compiler_pic_works=yes
lt_cv_prog_compiler_pic_works_CXX=yes
lt_cv_prog_compiler_rtti_exceptions=no
lt_cv_prog_compiler_static_works=yes
lt_cv_prog_compiler_static_works_CXX=yes
lt_cv_prog_gnu_ld=yes
lt_cv_prog_gnu_ldcxx=yes
lt_cv_sharedlib_from_linklib_cmd=func_cygming_dll_for_implib
lt_cv_sys_global_symbol_pipe='sed -n -e '\''s/^.*[	 ]\([ABCDGIRSTW][ABCDGIRSTW]*\)[	 ][	 ]*\([_A-Za-z][_A-Za-z0-9]*\)\{0,1\}$/\1 \2 \2/p'\'' | sed '\''/ __gnu_lto/d'\'''
lt_cv_sys_global_symbol_to_c_name_address='sed -n -e '\''s/^: \(.*\) .*$/  {"\1", (void *) 0},/p'\'' -e '\''s/^[ABCDGIRSTW][ABCDGIRSTW]* .* \(.*\)$/  {"\1", (void *) \&\1},/p'\'''
lt_cv_sys_global_symbol_to_c_name_address_lib_prefix='sed -n -e '\''s/^: \(.*\) .*$/  {"\1", (void *) 0},/p'\'' -e '\''s/^[ABCDGIRSTW][ABCDGIRSTW]* .* \(lib.*\)$/  {"\1", (void *) \&\1},/p'\'' -e '\''s/^[ABCDGIRSTW][ABCDGIRSTW]* .* \(.*\)$/  {"lib\1", (void *) \&\1},/p'\'''
lt_cv_sys_global_symbol_to_cdecl='sed -n -e '\''s/^T .* \(.*\)$/extern int \1();/p'\'' -e '\''s/^[ABCDGIRSTW][ABCDGIRSTW]* .* \(.*\)$/extern char \1;/p'\'''
lt_cv_sys_global_symbol_to_import=
lt_cv_sys_max_cmd_len=8192
lt_cv_to_host_file_cmd=func_convert_file_msys_to_w32
lt_cv_to_tool_file_cmd=func_convert_file_msys_to_w32
lt_cv_truncate_bin='/usr/bin/dd bs=4096 count=1'

## ----------------- ##
## Output variables. ##
## ----------------- ##

ACLOCAL='${SHELL} /home/dkqh42/libmp4v2-2.0.0/autoaux/missing --run aclocal-1.11'
ADD_MANS_FALSE=''
ADD_MANS_TRUE='#'
ADD_PLATFORM_POSIX_FALSE=''
ADD_PLATFORM_POSIX_TRUE='#'
ADD_PLATFORM_WIN32_FALSE='#'
ADD_PLATFORM_WIN32_TRUE=''
ADD_UTIL_FALSE='#'
ADD_UTIL_TRUE=''
AMDEPBACKSLASH=''
AMDEP_FALSE=''
AMDEP_TRUE='#'
AMTAR='$${TAR-tar}'
AR='ar'
AS='as'
AUTOCONF='${SHELL} /home/dkqh42/libmp4v2-2.0.0/autoaux/missing --run autoconf'
AUTOHEADER='${SHELL} /home/dkqh42/libmp4v2-2.0.0/autoaux/missing --run autoheader'
AUTOMAKE='${SHELL} /home/dkqh42/libmp4v2-2.0.0/autoaux/missing --run automake-1.11'
AWK='gawk'
CC='x86_64-w64-mingw32-gcc'
CCDEPMODE='depmode=none'
CFLAGS='-O2'
CPP='x86_64-w64-mingw32-gcc -E'
CPPFLAGS=''
CXX='x86_64-w64-mingw32-g++'
CXXCPP='x86_64-w64-mingw32-g++ -E'
CXXDEPMODE='depmode=none'
CXXFLAGS='-O2 -fpermissive -std=c++03'
CYGPATH_W='cygpath -w'
DEFS='-DHAVE_CONFIG_H'
DEPDIR='.deps'
DLLTOOL='dlltool'
DSYMUTIL=''
DUMPBIN=''
ECHO_C=''
ECHO_N='-n'
ECHO_T=''
EGREP='/usr/bin/grep -E'
EXEEXT='.exe'
FGREP='/usr/bin/grep -F'
FOUND_HELP2MAN='no'
GREP='/usr/bin/grep'
INSTALL_DATA='${INSTALL} -m 644'
INSTALL_PROGRAM='${INSTALL}'
INSTALL_SCRIPT='${INSTALL}'
INSTALL_STRIP_PROGRAM='$(install_sh) -c -s'
LD='C:/msys64/mingw64/x86_64-w64-mingw32/bin/ld.exe'
LDFLAGS='-static-libgcc -static-libstdc++'
LIBOBJS=''
LIBS=''
LIBTOOL='$(SHELL) $(top_builddir)/libtool'
LIPO=''
LN_S='cp -pR'
LTLIBOBJS=''
LT_SYS_LIBRARY_PATH=''
MAKEINFO='${SHELL} /home/dkqh42/libmp4v2-2.0.0/autoaux/missing --run makeinfo'
MANIFEST_TOOL=':'
MKDIR_P='/usr/bin/mkdir -p'
NM='/mingw64/bin/nm -B'
NMEDIT=''
OBJDUMP='objdump'
OBJEXT='o'
OTOOL64=''
OTOOL=''
PACKAGE='mp4v2'
PACKAGE_BUGREPORT='kidjan@gmail.com'
PACKAGE_NAME='MP4v2'
PACKAGE_STRING='MP4v2 2.0.0'
PACKAGE_TARNAME='mp4v2'
PACKAGE_URL=''
PACKAGE_VERSION='2.0.0'
PATH_SEPARATOR=':'
PROJECT_bugreport='<kidjan@gmail.com>'
PROJECT_build='Wed Aug  7 14:10:58 BST 2019'
PROJECT_irc='irc://irc.freenode.net/handbrake'
PROJECT_name='MP4v2'
PROJECT_name_formal='MP4v2 2.0.0'
PROJECT_name_lower='mp4v2'
PROJECT_name_upper='MP4V2'
PROJECT_repo_branch='2.0.0'
PROJECT_repo_date='2012-05-20 23:16:54 +0100 (Sun, 20 May 2012)'
PROJECT_repo_rev='493'
PROJECT_repo_root='http://mp4v2.googlecode.com/svn'
PROJECT_repo_type='stable'
PROJECT_repo_url='http://mp4v2.googlecode.com/svn/releases/2.0.0'
PROJECT_repo_uuid='6e6572fa-98a6-11dd-ad9f-f77439c74b79'
PROJECT_url_discussion='http://groups.google.com/group/mp4v2'
PROJECT_url_downloads='http://code.google.com/p/mp4v2/downloads/list'
PROJECT_url_website='http://code.google.com/p/mp4v2'
PROJECT_version='2.0.0'
PROJECT_version_hex='0x00020000'
PROJECT_version_major='2'
PROJECT_version_minor='0'
PROJECT_version_point='0'
RANLIB='ranlib'
SED='/usr/bin/sed'
SET_MAKE=''
SHELL='/bin/sh'
STRIP='strip'
VERSION='2.0.0'
X_CXX_ARCH=' -mthreads'
X_CXX_D=''
X_CXX_I=''
X_CXX_W=' -Wno-format'
X_GCH='0'
X_GCH_FLAGS=''
X_GCH_SHARED='0'
X_GCH_SHARED_FLAGS=' -DDLL_EXPORT -DPIC'
X_GCH_STATIC='0'
X_GCH_STATIC_FLAGS='-static'
X_MINGW_LIBS=''
X_libmp4v2_la_LDFLAGS='-no-undefined'
ac_ct_AR='ar'
ac_ct_CC=''
ac_ct_CXX=''
ac_ct_DUMPBIN=''
am__EXEEXT_FALSE='#'
am__EXEEXT_TRUE=''
am__fastdepCC_FALSE=''
am__fastdepCC_TRUE='#'
am__fastdepCXX_FALSE=''
am__fastdepCXX_TRUE='#'
am__include='include'
am__isrc=''
am__leading_dot='.'
am__nodep=''
am__quote=''
am__tar='$${TAR-tar} chof - "$$tardir"'
am__untar='$${TAR-tar} xf -'
bindir='${exec_prefix}/bin'
build='x86_64-w64-mingw32'
build_alias='x86_64-w64-mingw32'
build_cpu='x86_64'
build_os='mingw32'
build_vendor='w64'
datadir='${datarootdir}'
datarootdir='${prefix}/share'
docdir='${datarootdir}/doc/${PACKAGE_TARNAME}'
dvidir='${docdir}'
exec_prefix='${prefix}'
host='x86_64-w64-mingw32'
host_alias='x86_64-w64-mingw32'
host_cpu='x86_64'
host_os='mingw32'
host_vendor='w64'
htmldir='${docdir}'
includedir='${prefix}/include'
infodir='${datarootdir}/info'
install_sh='${SHELL} /home/dkqh42/libmp4v2-2.0.0/autoaux/install-sh'
libdir='${exec_prefix}/lib'
libexecdir='${exec_prefix}/libexec'
localedir='${datarootdir}/locale'
localstatedir='${prefix}/var'
mandir='${datarootdir}/man'
mkdir_p='/usr/bin/mkdir -p'
oldincludedir='/usr/include'
pdfdir='${docdir}'
prefix='/mingw64'
program_transform_name='s,x,x,'
psdir='${docdir}'
sbindir='${exec_prefix}/sbin'
sharedstatedir='${prefix}/com'
sysconfdir='${prefix}/etc'
target_alias='x86_64-w64-mingw32'

## ----------- ##
## confdefs.h. ##
## ----------- ##

/* confdefs.h */
#define PACKAGE_NAME "MP4v2"
#define PACKAGE_TARNAME "mp4v2"
#define PACKAGE_VERSION "2.0.0"
#define PACKAGE_STRING "MP4v2 2.0.0"
#define PACKAGE_BUGREPORT "kidjan@gmail.com"
#define PACKAGE_URL ""
#define PACKAGE "mp4v2"
#define VERSION "2.0.0"
#define STDC_HEADERS 1
#define HAVE_SYS_TYPES_H 1
#define HAVE_SYS_STAT_H 1
#define HAVE_STDLIB_H 1
#define HAVE_STRING_H 1
#define HAVE_MEMORY_H 1
#define HAVE_STRINGS_H 1
#define HAVE_INTTYPES_H 1
#define HAVE_STDINT_H 1
#define HAVE_UNISTD_H 1
#define LT_OBJDIR ".libs/"

configure: exit 0
